<?xml version="1.0" encoding="UTF-8"?>
<robot generator="Robot 7.2.2 (Python 3.9.6 on darwin)" generated="2025-03-03T15:58:18.412495" rpa="false" schemaversion="5">
<suite id="s1" name="Bootcamptim11-Mobile" source="/Users/novita/Documents/Automation Test/Appium/bootcamptim11-mobile">
<suite id="s1-s1" name="Suites" source="/Users/novita/Documents/Automation Test/Appium/bootcamptim11-mobile/suites">
<suite id="s1-s1-s1" name="signIn" source="/Users/novita/Documents/Automation Test/Appium/bootcamptim11-mobile/suites/signIn.robot">
<test id="s1-s1-s1-t1" name="User Should Be Able to Sign In with Valid Data" line="41">
<kw name="Run Keywords" owner="BuiltIn" type="SETUP">
<kw name="Open Flight Application" owner="base">
<kw name="Open Application" owner="AppiumLibrary">
<arg>remote_url=${REMOTE_URL}</arg>
<arg>platformName=${PLATFORM_NAME}</arg>
<arg>platformVersion=${PLATFORM_VERSION}</arg>
<arg>deviceName=${DEVICE_NAME}</arg>
<arg>appPackage=${APP_PACKAGE}</arg>
<arg>appActivity=${APP_ACTIVITY}</arg>
<arg>automationName=${AUTOMATION_NAME}</arg>
<doc>Opens a new application to given Appium server.
Capabilities of appium server, Android and iOS,
Please check https://appium.io/docs/en/2.1/cli/args/
| *Option*            | *Man.* | *Description*     |
| remote_url          | Yes    | Appium server url |
| alias               | no     | alias             |
| strict_ssl          | No     | allows you to send commands to an invalid certificate host like a self-signed one. |</doc>
<status status="PASS" start="2025-03-03T15:58:18.566776" elapsed="3.689486"/>
</kw>
<status status="PASS" start="2025-03-03T15:58:18.565874" elapsed="3.690733"/>
</kw>
<kw name="Verify Home Screen Appears" owner="homeScreen">
<kw name="Wait Until Element Is Visible" owner="AppiumLibrary">
<msg time="2025-03-03T15:58:23.116982" level="INFO">xpath criteria: //android.widget.TextView[@resource-id="com.example.myapplication:id/textView4"]</msg>
<arg>locator=${LOC_HOMESCREEN}</arg>
<doc>Waits until element specified with `locator` is visible.</doc>
<status status="PASS" start="2025-03-03T15:58:22.257117" elapsed="0.860091"/>
</kw>
<status status="PASS" start="2025-03-03T15:58:22.256782" elapsed="0.860612"/>
</kw>
<arg>Open Flight Application</arg>
<arg>AND</arg>
<arg>Verify Home Screen Appears</arg>
<doc>Executes all the given keywords in a sequence.</doc>
<status status="PASS" start="2025-03-03T15:58:18.565331" elapsed="4.552143"/>
</kw>
<kw name="Click Sign In Button on Home Screen" owner="signinScreen">
<kw name="Click Element" owner="AppiumLibrary">
<msg time="2025-03-03T15:58:23.120015" level="INFO">Clicking element '//android.widget.Button[@resource-id="com.example.myapplication:id/login"]'.</msg>
<msg time="2025-03-03T15:58:23.249253" level="INFO">xpath criteria: //android.widget.Button[@resource-id="com.example.myapplication:id/login"]</msg>
<arg>locator=${LOC_SIGNIN_HOMESCREEN}</arg>
<doc>Click element identified by `locator`.</doc>
<status status="PASS" start="2025-03-03T15:58:23.118276" elapsed="0.131797"/>
</kw>
<status status="PASS" start="2025-03-03T15:58:23.117824" elapsed="0.132755"/>
</kw>
<kw name="Verify Sign In Screen Appears" owner="signinScreen">
<kw name="Wait Until Element Is Visible" owner="AppiumLibrary">
<msg time="2025-03-03T15:58:23.976814" level="INFO">xpath criteria: //android.widget.EditText[@resource-id="com.example.myapplication:id/username"]
xpath criteria: //android.widget.EditText[@resource-id="com.example.myapplication:id/username"]</msg>
<arg>locator=${LOC_USERNAME}</arg>
<doc>Waits until element specified with `locator` is visible.</doc>
<status status="PASS" start="2025-03-03T15:58:23.251688" elapsed="0.725339"/>
</kw>
<kw name="Wait Until Element Is Visible" owner="AppiumLibrary">
<msg time="2025-03-03T15:58:24.037991" level="INFO">xpath criteria: //android.widget.EditText[@resource-id="com.example.myapplication:id/password"]</msg>
<arg>locator=${LOC_PASSWORD}</arg>
<doc>Waits until element specified with `locator` is visible.</doc>
<status status="PASS" start="2025-03-03T15:58:23.977271" elapsed="0.060879"/>
</kw>
<kw name="Wait Until Element Is Visible" owner="AppiumLibrary">
<msg time="2025-03-03T15:58:24.089861" level="INFO">xpath criteria: //android.widget.Button[@resource-id="com.example.myapplication:id/signIn"]</msg>
<arg>locator=${LOC_SIGNIN_SCREEN}</arg>
<doc>Waits until element specified with `locator` is visible.</doc>
<status status="PASS" start="2025-03-03T15:58:24.038334" elapsed="0.051687"/>
</kw>
<status status="PASS" start="2025-03-03T15:58:23.251279" elapsed="0.838890"/>
</kw>
<kw name="Input Valid Username" owner="signinScreen">
<kw name="Input Text" owner="AppiumLibrary">
<msg time="2025-03-03T15:58:24.092729" level="INFO">Typing text 'support@ngendigital.com' into text field '//android.widget.EditText[@resource-id="com.example.myapplication:id/username"]'</msg>
<msg time="2025-03-03T15:58:24.164316" level="INFO">xpath criteria: //android.widget.EditText[@resource-id="com.example.myapplication:id/username"]</msg>
<arg>locator=${LOC_USERNAME}</arg>
<arg>text=${VALID_USERNAME}</arg>
<doc>Types the given `text` into text field identified by `locator`.</doc>
<status status="PASS" start="2025-03-03T15:58:24.091087" elapsed="0.073405"/>
</kw>
<status status="PASS" start="2025-03-03T15:58:24.090415" elapsed="0.074232"/>
</kw>
<kw name="Input Valid Password Sign In" owner="signinScreen">
<kw name="Input Password" owner="AppiumLibrary">
<msg time="2025-03-03T15:58:24.167245" level="INFO">Typing password into text field '//android.widget.EditText[@resource-id="com.example.myapplication:id/password"]'</msg>
<msg time="2025-03-03T15:58:24.722900" level="INFO">xpath criteria: //android.widget.EditText[@resource-id="com.example.myapplication:id/password"]</msg>
<arg>locator=${LOC_PASSWORD}</arg>
<arg>text=${VALID_PASSWORD}</arg>
<doc>Types the given password into text field identified by `locator`.</doc>
<status status="PASS" start="2025-03-03T15:58:24.165662" elapsed="0.557786"/>
</kw>
<status status="PASS" start="2025-03-03T15:58:24.165112" elapsed="0.558605"/>
</kw>
<kw name="Click Sign In Button on Sign In Screen" owner="signinScreen">
<kw name="Click Element" owner="AppiumLibrary">
<msg time="2025-03-03T15:58:24.725801" level="INFO">Clicking element '//android.widget.Button[@resource-id="com.example.myapplication:id/signIn"]'.</msg>
<msg time="2025-03-03T15:58:25.282869" level="INFO">xpath criteria: //android.widget.Button[@resource-id="com.example.myapplication:id/signIn"]</msg>
<arg>locator=${LOC_SIGNIN_SCREEN}</arg>
<doc>Click element identified by `locator`.</doc>
<status status="PASS" start="2025-03-03T15:58:24.724421" elapsed="0.558838"/>
</kw>
<status status="PASS" start="2025-03-03T15:58:24.724040" elapsed="0.559622"/>
</kw>
<kw name="Verify User Successfully Sign In" owner="signinScreen">
<kw name="Wait Until Page Contains Element" owner="AppiumLibrary">
<msg time="2025-03-03T15:58:26.002323" level="INFO">xpath criteria: //android.widget.TextView[@resource-id="com.example.myapplication:id/textView"]
xpath criteria: //android.widget.TextView[@resource-id="com.example.myapplication:id/textView"]</msg>
<arg>locator=${LOC_DASHBOARD}</arg>
<doc>Waits until element specified with `locator` appears on current page.</doc>
<status status="PASS" start="2025-03-03T15:58:25.284656" elapsed="0.718149"/>
</kw>
<kw name="Element Name Should Be" owner="AppiumLibrary">
<msg time="2025-03-03T15:58:26.079448" level="INFO">Element '//android.widget.TextView[@resource-id="com.example.myapplication:id/textView"]' name is 'NGen Digital' </msg>
<msg time="2025-03-03T15:58:26.079881" level="INFO">xpath criteria: //android.widget.TextView[@resource-id="com.example.myapplication:id/textView"]</msg>
<arg>locator=${LOC_DASHBOARD}</arg>
<arg>expected=NGen Digital</arg>
<status status="PASS" start="2025-03-03T15:58:26.003430" elapsed="0.076919"/>
</kw>
<status status="PASS" start="2025-03-03T15:58:25.284186" elapsed="0.796453"/>
</kw>
<kw name="Close Flight Application" owner="base" type="TEARDOWN">
<kw name="Close Application" owner="AppiumLibrary">
<doc>Closes the current application and also close webdriver session.</doc>
<status status="PASS" start="2025-03-03T15:58:26.081613" elapsed="0.271942"/>
</kw>
<status status="PASS" start="2025-03-03T15:58:26.081129" elapsed="0.272676"/>
</kw>
<status status="PASS" start="2025-03-03T15:58:18.563106" elapsed="7.790841"/>
</test>
<status status="PASS" start="2025-03-03T15:58:18.435828" elapsed="7.919562"/>
</suite>
<status status="PASS" start="2025-03-03T15:58:18.432903" elapsed="7.923387"/>
</suite>
<status status="PASS" start="2025-03-03T15:58:18.415006" elapsed="7.942400"/>
</suite>
<statistics>
<total>
<stat pass="1" fail="0" skip="0">All Tests</stat>
</total>
<tag>
</tag>
<suite>
<stat name="Bootcamptim11-Mobile" id="s1" pass="1" fail="0" skip="0">Bootcamptim11-Mobile</stat>
<stat name="Suites" id="s1-s1" pass="1" fail="0" skip="0">Bootcamptim11-Mobile.Suites</stat>
<stat name="signIn" id="s1-s1-s1" pass="1" fail="0" skip="0">Bootcamptim11-Mobile.Suites.signIn</stat>
</suite>
</statistics>
<errors>
</errors>
</robot>
